2021-10-08 09:07:17,127  INFO AioApplication:17 - Start Success
2021-10-08 09:07:58,348  INFO ServiceController:367 - 强杀机器人===>OperationRequest{id=1, coin=18, type=7, category=0}
2021-10-08 09:08:25,690  INFO ServiceController:29 - 启动机器人===>OperationRequest{id=1, coin=18, type=7, category=0}
2021-10-08 09:08:29,798  WARN StopableTask:41 - {1} 开始
2021-10-08 09:08:59,157  INFO ServiceController:29 - 启动机器人===>OperationRequest{id=1, coin=18, type=7, category=0}
2021-10-08 09:09:03,260  WARN StopableTask:41 - {1} 开始
2021-10-08 09:10:09,844  INFO AioApplication:17 - Start Success
2021-10-08 09:10:16,240  INFO AioApplication:17 - Start Success
2021-10-08 09:10:28,764  INFO ServiceController:29 - 启动机器人===>OperationRequest{id=1, coin=18, type=7, category=0}
2021-10-08 09:10:29,156  WARN StopableTask:41 - {1} 开始
2021-10-08 09:10:29,165  INFO 1:63 - 设置机器人参数开始
2021-10-08 09:10:29,170  INFO 1:70 - 设置机器人参数结束
2021-10-08 09:10:29,170  INFO 1:72 - 设置机器人交易规则开始
2021-10-08 09:10:29,170  INFO 1:74 - 设置机器人交易规则结束
2021-10-08 09:10:33,191  INFO 1:169 - robotId1----开始挂单：type(交易类型)：卖，price(价格)：0.0000141，amount(数量)：10
2021-10-08 09:10:35,989  INFO 1:202 - 挂单参数AccessKeyId=3b51ac4a05f04ab994291ae9c40db073&Signature=Ww%2B9hxNImkI%2BI27ORIS6D4twtfXUAadvaiEKtbV0KGg%3D&SignatureMethod=HmacSHA256&SignatureVersion=2&Timestamp=1633655433193&symbol=ccpt_usdt&tradeAmount=10.000000&tradePrice=0.000014&type=buy
2021-10-08 09:10:38,590  INFO 1:109 - setTradeLog：{"active":0,"color":"05cbc8","deleted":0,"remark":"挂卖单[价格：0.000014: 数量10.000000]=>{\n\t\"code\":300,\n\t\"data\":null,\n\t\"msg\":\"交易数量必须大于2000\",\n\t\"time\":1633655438661\n}","robotId":1,"status":0}
2021-10-08 09:10:38,603  INFO 1:208 - robotId1----挂单成功结束：{
	"code":300,
	"data":null,
	"msg":"交易数量必须大于2000",
	"time":1633655438661
}
2021-10-08 09:15:33,138  INFO AioApplication:17 - Start Success
2021-10-08 09:16:21,975  INFO AioApplication:17 - Start Success
2021-10-08 09:17:07,004  INFO AioApplication:17 - Start Success
2021-10-08 09:18:09,647  INFO ServiceController:29 - 启动机器人===>OperationRequest{id=1, coin=18, type=7, category=0}
2021-10-08 09:18:10,025  WARN StopableTask:41 - {1} 开始
2021-10-08 09:18:10,033  INFO 1:63 - 设置机器人参数开始
2021-10-08 09:18:10,038  INFO 1:70 - 设置机器人参数结束
2021-10-08 09:18:10,038  INFO 1:72 - 设置机器人交易规则开始
2021-10-08 09:18:10,039  INFO 1:74 - 设置机器人交易规则结束
2021-10-08 09:18:13,340  INFO 1:169 - robotId1----开始挂单：type(交易类型)：卖，price(价格)：0.0000141，amount(数量)：2000
2021-10-08 09:18:16,025  INFO 1:202 - 挂单参数AccessKeyId=3b51ac4a05f04ab994291ae9c40db073&Signature=uD28y6KzFZLZdgj1zu6gy%2BYpGbZWtWMrREy6AyAoM68%3D&SignatureMethod=HmacSHA256&SignatureVersion=2&Timestamp=1633655893342&symbol=ccpt_usdt&tradeAmount=2000.000000&tradePrice=0.000014&type=buy
2021-10-08 09:18:18,364  INFO 1:109 - setTradeLog：{"active":0,"color":"05cbc8","deleted":0,"remark":"挂卖单[价格：0.000014: 数量2000.000000]=>{\n\t\"code\":200,\n\t\"data\":{\n\t\t\"ID\":29205820830\n\t},\n\t\"msg\":\"委托成功\",\n\t\"time\":1633655898418\n}","robotId":1,"status":0}
2021-10-08 09:18:18,375  INFO 1:208 - robotId1----挂单成功结束：{
	"code":200,
	"data":{
		"ID":29205820830
	},
	"msg":"委托成功",
	"time":1633655898418
}
2021-10-08 09:48:31,336  INFO AioApplication:17 - Start Success
2021-10-08 09:48:34,114  INFO ServiceController:29 - 启动机器人===>OperationRequest{id=1, coin=18, type=7, category=0}
2021-10-08 09:48:34,516  WARN StopableTask:41 - {1} 开始
2021-10-08 09:48:34,531  INFO 1:63 - 设置机器人参数开始
2021-10-08 09:48:34,542  INFO 1:70 - 设置机器人参数结束
2021-10-08 09:48:34,542  INFO 1:72 - 设置机器人交易规则开始
2021-10-08 09:48:34,543  INFO 1:74 - 设置机器人交易规则结束
2021-10-08 11:07:26,377  INFO AioApplication:17 - Start Success
2021-10-08 11:11:33,083  INFO AioApplication:17 - Start Success
2021-10-08 11:13:40,383  INFO AioApplication:17 - Start Success
2021-10-08 11:13:48,416  INFO AioApplication:17 - Start Success
2021-10-08 11:23:17,689  INFO AioApplication:17 - Start Success
2021-10-08 11:23:34,418  INFO AioApplication:17 - Start Success
2021-10-08 11:33:46,964  INFO AioApplication:17 - Start Success
2021-10-08 11:33:56,957  INFO AioApplication:17 - Start Success
2021-10-08 11:38:30,643  INFO AioApplication:17 - Start Success
2021-10-08 11:38:37,668  INFO AioApplication:17 - Start Success
2021-10-08 11:39:32,986  INFO AioApplication:17 - Start Success
2021-10-08 11:40:21,550  INFO AioApplication:17 - Start Success
2021-10-08 11:41:22,400  INFO AioApplication:17 - Start Success
2021-10-08 11:46:26,006  INFO AioApplication:17 - Start Success
2021-10-08 11:46:33,252  INFO AioApplication:17 - Start Success
2021-10-08 11:46:59,833  INFO BaseService:114 - setTradeLog：{"active":0,"color":"05cbc8","deleted":0,"remark":"挂卖单[价格：0.000015: 数量2000.000000]=>{\n\t\"code\":200,\n\t\"data\":{\n\t\t\"ID\":29215213391\n\t},\n\t\"msg\":\"委托成功\",\n\t\"time\":1633664819974\n}","robotId":0,"status":0}
2021-10-08 13:34:34,852  INFO AioApplication:17 - Start Success
2021-10-08 13:39:21,584  INFO AioApplication:17 - Start Success
2021-10-08 13:56:10,429  INFO AioApplication:17 - Start Success
2021-10-08 13:57:45,993  INFO BaseService:175 - robotId0----开始挂单：type(交易类型)：卖，price(价格)：0.0000151，amount(数量)：2000
2021-10-08 13:57:46,203  INFO BaseService:114 - setTradeLog：{"active":0,"color":"05cbc8","deleted":0,"remark":"挂卖单[价格：0.000015: 数量2000.000000]=>{\n\t\"code\":200,\n\t\"data\":{\n\t\t\"ID\":29223258974\n\t},\n\t\"msg\":\"委托成功\",\n\t\"time\":1633672666412\n}","robotId":0,"status":0}
2021-10-08 13:59:50,153  INFO AioApplication:17 - Start Success
2021-10-08 14:00:31,396  INFO BaseService:175 - robotId0----开始挂单：type(交易类型)：卖，price(价格)：0.0000151，amount(数量)：2001
2021-10-08 14:00:41,067  INFO BaseService:114 - setTradeLog：{"active":0,"color":"05cbc8","deleted":0,"remark":"挂卖单[价格：0.000015: 数量2001.000000]=>{\n\t\"code\":200,\n\t\"data\":{\n\t\t\"ID\":29223331565\n\t},\n\t\"msg\":\"委托成功\",\n\t\"time\":1633672841226\n}","robotId":0,"status":0}
2021-10-08 14:01:45,641  INFO BaseService:175 - robotId0----开始挂单：type(交易类型)：卖，price(价格)：0.0000151，amount(数量)：2001
2021-10-08 14:01:46,189  INFO BaseService:114 - setTradeLog：{"active":0,"color":"05cbc8","deleted":0,"remark":"挂卖单[价格：0.000015: 数量2001.000000]=>{\n\t\"code\":200,\n\t\"data\":{\n\t\t\"ID\":29223360316\n\t},\n\t\"msg\":\"委托成功\",\n\t\"time\":1633672906428\n}","robotId":0,"status":0}
2021-10-08 14:03:00,819  INFO BaseService:175 - robotId0----开始挂单：type(交易类型)：卖，price(价格)：0.0000151，amount(数量)：2001
2021-10-08 14:03:01,377  INFO BaseService:114 - setTradeLog：{"active":0,"color":"05cbc8","deleted":0,"remark":"挂卖单[价格：0.000015: 数量2001.000000]=>{\n\t\"code\":200,\n\t\"data\":{\n\t\t\"ID\":29223389902\n\t},\n\t\"msg\":\"委托成功\",\n\t\"time\":1633672981608\n}","robotId":0,"status":0}
2021-10-08 14:04:46,864  INFO BaseService:175 - robotId0----开始挂单：type(交易类型)：卖，price(价格)：0.000013，amount(数量)：2001
2021-10-08 14:04:47,035  INFO BaseService:114 - setTradeLog：{"active":0,"color":"ff6224","deleted":0,"remark":"挂卖单[价格：0.000013: 数量2001.000000]=>{\n\t\"code\":200,\n\t\"data\":{\n\t\t\"ID\":29223557489\n\t},\n\t\"msg\":\"委托成功\",\n\t\"time\":1633673087276\n}","robotId":0,"status":0}
2021-10-08 14:05:53,839  INFO AioApplication:17 - Start Success
2021-10-08 14:06:09,764  INFO BaseService:175 - robotId0----开始挂单：type(交易类型)：卖，price(价格)：0.000013，amount(数量)：2001
2021-10-08 14:06:14,967  INFO BaseService:114 - setTradeLog：{"active":0,"color":"ff6224","deleted":0,"remark":"挂卖单[价格：0.000013: 数量2001.000000]=>{\n\t\"code\":200,\n\t\"data\":{\n\t\t\"ID\":29223666132\n\t},\n\t\"msg\":\"委托成功\",\n\t\"time\":1633673174994\n}","robotId":0,"status":0}
2021-10-08 14:08:10,536  INFO AioApplication:17 - Start Success
2021-10-08 14:09:50,984  INFO AioApplication:17 - Start Success
2021-10-08 14:11:56,553  INFO AioApplication:17 - Start Success
2021-10-08 14:14:19,056  INFO AioApplication:17 - Start Success
2021-10-08 14:16:14,644  INFO AioApplication:17 - Start Success
2021-10-08 14:17:50,149  INFO AioApplication:17 - Start Success
2021-10-08 14:19:14,291  INFO AioApplication:17 - Start Success
2021-10-08 14:26:04,335  INFO AioApplication:17 - Start Success
2021-10-08 15:03:45,253  INFO AioApplication:17 - Start Success
2021-10-08 15:11:15,778  INFO AioApplication:17 - Start Success
2021-10-08 15:11:19,793  INFO BaseService:175 - robotId0----开始挂单：type(交易类型)：卖，price(价格)：0.000013，amount(数量)：2000.1234
2021-10-08 15:11:20,280  INFO BaseService:114 - setTradeLog：{"active":0,"color":"ff6224","deleted":0,"remark":"挂卖单[价格：0.000013: 数量2000.123400]=>{\n\t\"code\":200,\n\t\"data\":{\n\t\t\"ID\":29227714072\n\t},\n\t\"msg\":\"委托成功\",\n\t\"time\":1633677080504\n}","robotId":0,"status":0}
2021-10-08 15:15:15,148  INFO AioApplication:17 - Start Success
2021-10-08 15:15:24,532  INFO ServiceController:29 - 启动机器人===>OperationRequest{id=1, coin=18, type=7, category=0}
2021-10-08 15:15:25,143  WARN StopableTask:41 - {1} 开始
2021-10-08 15:15:25,150  INFO 1:63 - 设置机器人参数开始
2021-10-08 15:15:25,156  INFO 1:70 - 设置机器人参数结束
2021-10-08 15:15:25,156  INFO 1:72 - 设置机器人交易规则开始
2021-10-08 15:15:25,156  INFO 1:74 - 设置机器人交易规则结束
2021-10-08 15:17:40,166  INFO AioApplication:17 - Start Success
2021-10-08 15:19:09,458  INFO AioApplication:17 - Start Success
2021-10-08 15:54:42,949  INFO AioApplication:17 - Start Success
2021-10-08 15:55:15,820  INFO AioApplication:17 - Start Success
2021-10-08 15:56:48,362  INFO AioApplication:17 - Start Success
2021-10-08 15:58:59,762  INFO AioApplication:17 - Start Success
2021-10-08 16:00:46,488  INFO AioApplication:17 - Start Success
2021-10-08 16:04:46,632  INFO AioApplication:17 - Start Success
2021-10-08 16:10:06,095  INFO AioApplication:17 - Start Success
2021-10-08 16:29:58,924  INFO AioApplication:17 - Start Success
2021-10-08 16:31:22,226  INFO AioApplication:17 - Start Success
2021-10-08 16:32:30,399  INFO AioApplication:17 - Start Success
2021-10-08 16:34:36,460  INFO AioApplication:17 - Start Success
2021-10-08 16:35:33,667  INFO BaseService:177 - robotId0----开始挂单：type(交易类型)：卖，price(价格)：0.000019，amount(数量)：2000.1234
2021-10-08 16:35:34,187  INFO BaseService:114 - setTradeLog：{"active":0,"color":"ff6224","deleted":0,"remark":"挂卖单[价格：0.000019: 数量2000.123400]=>{\n\t\"code\":200,\n\t\"data\":{\n\t\t\"ID\":29233392482\n\t},\n\t\"msg\":\"委托成功\",\n\t\"time\":1633682134443\n}","robotId":0,"status":0}
2021-10-08 16:35:41,789  INFO BaseService:177 - robotId0----开始挂单：type(交易类型)：卖，price(价格)：0.00008，amount(数量)：2000.1234
2021-10-08 16:35:41,949  INFO BaseService:114 - setTradeLog：{"active":0,"color":"05cbc8","deleted":0,"remark":"挂卖单[价格：0.000080: 数量2000.123400]=>{\n\t\"code\":200,\n\t\"data\":{\n\t\t\"ID\":29233521822\n\t},\n\t\"msg\":\"委托成功\",\n\t\"time\":1633682142249\n}","robotId":0,"status":0}
2021-10-08 16:37:47,564  INFO BaseService:177 - robotId0----开始挂单：type(交易类型)：卖，price(价格)：0.000008，amount(数量)：2000.1234
2021-10-08 16:37:47,743  INFO BaseService:114 - setTradeLog：{"active":0,"color":"05cbc8","deleted":0,"remark":"挂卖单[价格：0.000008: 数量2000.123400]=>{\n\t\"code\":200,\n\t\"data\":{\n\t\t\"ID\":29233767773\n\t},\n\t\"msg\":\"委托成功\",\n\t\"time\":1633682268038\n}","robotId":0,"status":0}
2021-10-08 16:38:06,916  INFO BaseService:177 - robotId0----开始挂单：type(交易类型)：卖，price(价格)：0.000018，amount(数量)：2000.1234
2021-10-08 16:38:07,078  INFO BaseService:114 - setTradeLog：{"active":0,"color":"ff6224","deleted":0,"remark":"挂卖单[价格：0.000018: 数量2000.123400]=>{\n\t\"code\":200,\n\t\"data\":{\n\t\t\"ID\":29233778642\n\t},\n\t\"msg\":\"委托成功\",\n\t\"time\":1633682287379\n}","robotId":0,"status":0}
2021-10-08 16:43:51,243  INFO AioApplication:17 - Start Success
2021-10-08 16:45:22,850  INFO AioApplication:17 - Start Success
2021-10-08 16:48:21,505  INFO AioApplication:17 - Start Success
2021-10-08 16:48:32,330  INFO BaseService:262 - 查询订单：29233778642  结果{
	"code":40010,
	"data":null,
	"msg":"委单不存在，请确认AccessKeyId或id是否正确",
	"pageNum":0,
	"time":1633682912636,
	"totalCount":0,
	"totalPages":0
}
2021-10-08 16:48:32,464  INFO BaseService:262 - 查询订单：29233767773  结果{
	"code":200,
	"data":{
		"types":"买单",
		"leftcount":2000.1234,
		"fees":0.0000,
		"last":0E-10,
		"count":2000.1234,
		"successamount":0E-10,
		"source":"API",
		"type":0,
		"price":0.0000080000,
		"buysymbol":"USDT",
		"id":29233767773,
		"time":"2021-10-08 16:37:48",
		"sellsymbol":"CCPT",
		"statusCode":1,
		"status":"未成交"
	},
	"msg":"成功",
	"time":1633682912770
}
2021-10-08 16:48:32,614  INFO BaseService:262 - 查询订单：29233392482  结果{
	"code":200,
	"data":{
		"types":"卖单",
		"leftcount":2000.1234,
		"fees":0.0000,
		"last":0E-10,
		"count":2000.1234,
		"successamount":0E-10,
		"source":"API",
		"type":1,
		"price":0.0000190000,
		"buysymbol":"USDT",
		"id":29233392482,
		"time":"2021-10-08 16:35:34",
		"sellsymbol":"CCPT",
		"statusCode":1,
		"status":"未成交"
	},
	"msg":"成功",
	"time":1633682912918
}
2021-10-08 16:48:32,771  INFO BaseService:262 - 查询订单：29215353657  结果{
	"code":40010,
	"data":null,
	"msg":"委单不存在，请确认AccessKeyId或id是否正确",
	"pageNum":0,
	"time":1633682913077,
	"totalCount":0,
	"totalPages":0
}
2021-10-08 16:51:58,198  INFO AioApplication:17 - Start Success
2021-10-08 16:52:53,602  INFO AioApplication:17 - Start Success
2021-10-08 16:52:59,747  INFO BaseService:262 - 查询订单：29233778642  结果{
	"code":40010,
	"data":null,
	"msg":"委单不存在，请确认AccessKeyId或id是否正确",
	"pageNum":0,
	"time":1633683180056,
	"totalCount":0,
	"totalPages":0
}
2021-10-08 16:52:59,877  INFO BaseService:262 - 查询订单：29233767773  结果{
	"code":200,
	"data":{
		"types":"买单",
		"leftcount":2000.1234,
		"fees":0.0000,
		"last":0E-10,
		"count":2000.1234,
		"successamount":0E-10,
		"source":"API",
		"type":0,
		"price":0.0000080000,
		"buysymbol":"USDT",
		"id":29233767773,
		"time":"2021-10-08 16:37:48",
		"sellsymbol":"CCPT",
		"statusCode":1,
		"status":"未成交"
	},
	"msg":"成功",
	"time":1633683180183
}
2021-10-08 16:53:00,016  INFO BaseService:262 - 查询订单：29233392482  结果{
	"code":200,
	"data":{
		"types":"卖单",
		"leftcount":2000.1234,
		"fees":0.0000,
		"last":0E-10,
		"count":2000.1234,
		"successamount":0E-10,
		"source":"API",
		"type":1,
		"price":0.0000190000,
		"buysymbol":"USDT",
		"id":29233392482,
		"time":"2021-10-08 16:35:34",
		"sellsymbol":"CCPT",
		"statusCode":1,
		"status":"未成交"
	},
	"msg":"成功",
	"time":1633683180324
}
2021-10-08 16:53:00,271  INFO BaseService:262 - 查询订单：29215353657  结果{
	"code":40010,
	"data":null,
	"msg":"委单不存在，请确认AccessKeyId或id是否正确",
	"pageNum":0,
	"time":1633683180579,
	"totalCount":0,
	"totalPages":0
}
2021-10-08 16:55:10,335  INFO AioApplication:17 - Start Success
2021-10-08 16:55:25,211  INFO AioApplication:17 - Start Success
2021-10-08 16:55:30,812  INFO BaseService:262 - 查询订单：29233778642  结果{
	"code":40010,
	"data":null,
	"msg":"委单不存在，请确认AccessKeyId或id是否正确",
	"pageNum":0,
	"time":1633683331120,
	"totalCount":0,
	"totalPages":0
}
2021-10-08 16:55:31,056  INFO BaseService:262 - 查询订单：29233767773  结果{
	"code":200,
	"data":{
		"types":"买单",
		"leftcount":2000.1234,
		"fees":0.0000,
		"last":0E-10,
		"count":2000.1234,
		"successamount":0E-10,
		"source":"API",
		"type":0,
		"price":0.0000080000,
		"buysymbol":"USDT",
		"id":29233767773,
		"time":"2021-10-08 16:37:48",
		"sellsymbol":"CCPT",
		"statusCode":1,
		"status":"未成交"
	},
	"msg":"成功",
	"time":1633683331363
}
2021-10-08 16:55:31,183  INFO BaseService:262 - 查询订单：29233392482  结果{
	"code":200,
	"data":{
		"types":"卖单",
		"leftcount":2000.1234,
		"fees":0.0000,
		"last":0E-10,
		"count":2000.1234,
		"successamount":0E-10,
		"source":"API",
		"type":1,
		"price":0.0000190000,
		"buysymbol":"USDT",
		"id":29233392482,
		"time":"2021-10-08 16:35:34",
		"sellsymbol":"CCPT",
		"statusCode":1,
		"status":"未成交"
	},
	"msg":"成功",
	"time":1633683331492
}
2021-10-08 16:55:31,321  INFO BaseService:262 - 查询订单：29215353657  结果{
	"code":40010,
	"data":null,
	"msg":"委单不存在，请确认AccessKeyId或id是否正确",
	"pageNum":0,
	"time":1633683331631,
	"totalCount":0,
	"totalPages":0
}
2021-10-08 16:57:01,813  INFO AioApplication:17 - Start Success
2021-10-08 16:57:58,675  INFO BaseService:262 - 查询订单：29233778642  结果{
	"code":40010,
	"data":null,
	"msg":"委单不存在，请确认AccessKeyId或id是否正确",
	"pageNum":0,
	"time":1633683478973,
	"totalCount":0,
	"totalPages":0
}
2021-10-08 16:57:58,867  INFO BaseService:262 - 查询订单：29233767773  结果{
	"code":40010,
	"data":null,
	"msg":"委单不存在，请确认AccessKeyId或id是否正确",
	"pageNum":0,
	"time":1633683479164,
	"totalCount":0,
	"totalPages":0
}
2021-10-08 16:57:59,086  INFO BaseService:262 - 查询订单：29233392482  结果{
	"code":200,
	"data":{
		"types":"卖单",
		"leftcount":2000.1234,
		"fees":0.0000,
		"last":0E-10,
		"count":2000.1234,
		"successamount":0E-10,
		"source":"API",
		"type":1,
		"price":0.0000190000,
		"buysymbol":"USDT",
		"id":29233392482,
		"time":"2021-10-08 16:35:34",
		"sellsymbol":"CCPT",
		"statusCode":1,
		"status":"未成交"
	},
	"msg":"成功",
	"time":1633683479358
}
2021-10-08 16:57:59,321  INFO BaseService:262 - 查询订单：29215353657  结果{
	"code":40010,
	"data":null,
	"msg":"委单不存在，请确认AccessKeyId或id是否正确",
	"pageNum":0,
	"time":1633683479606,
	"totalCount":0,
	"totalPages":0
}
2021-10-08 16:58:04,208  INFO AioApplication:17 - Start Success
2021-10-08 16:58:13,506  INFO BaseService:262 - 查询订单：29233778642  结果{
	"code":40010,
	"data":null,
	"msg":"委单不存在，请确认AccessKeyId或id是否正确",
	"pageNum":0,
	"time":1633683493815,
	"totalCount":0,
	"totalPages":0
}
2021-10-08 16:58:13,654  INFO BaseService:262 - 查询订单：29233767773  结果{
	"code":40010,
	"data":null,
	"msg":"委单不存在，请确认AccessKeyId或id是否正确",
	"pageNum":0,
	"time":1633683493962,
	"totalCount":0,
	"totalPages":0
}
2021-10-08 16:58:13,781  INFO BaseService:262 - 查询订单：29233392482  结果{
	"code":200,
	"data":{
		"types":"卖单",
		"leftcount":2000.1234,
		"fees":0.0000,
		"last":0E-10,
		"count":2000.1234,
		"successamount":0E-10,
		"source":"API",
		"type":1,
		"price":0.0000190000,
		"buysymbol":"USDT",
		"id":29233392482,
		"time":"2021-10-08 16:35:34",
		"sellsymbol":"CCPT",
		"statusCode":1,
		"status":"未成交"
	},
	"msg":"成功",
	"time":1633683494092
}
2021-10-08 16:58:13,914  INFO BaseService:262 - 查询订单：29215353657  结果{
	"code":40010,
	"data":null,
	"msg":"委单不存在，请确认AccessKeyId或id是否正确",
	"pageNum":0,
	"time":1633683494222,
	"totalCount":0,
	"totalPages":0
}
2021-10-08 17:04:53,233  INFO BaseService:177 - robotId0----开始挂单：type(交易类型)：卖，price(价格)：0.000018，amount(数量)：2000.1234
2021-10-08 17:04:53,444  INFO BaseService:114 - setTradeLog：{"active":0,"color":"ff6224","deleted":0,"remark":"挂卖单[价格：0.000018: 数量2000.123400]=>{\n\t\"code\":200,\n\t\"data\":{\n\t\t\"ID\":29235736958\n\t},\n\t\"msg\":\"委托成功\",\n\t\"time\":1633683893728\n}","robotId":0,"status":0}
2021-10-08 17:05:02,545  INFO AioApplication:17 - Start Success
2021-10-08 17:05:22,579  INFO BaseService:177 - robotId0----开始挂单：type(交易类型)：卖，price(价格)：0.000006，amount(数量)：2000.1234
2021-10-08 17:05:23,089  INFO BaseService:114 - setTradeLog：{"active":0,"color":"05cbc8","deleted":0,"remark":"挂卖单[价格：0.000006: 数量2000.123400]=>{\n\t\"code\":200,\n\t\"data\":{\n\t\t\"ID\":29235830320\n\t},\n\t\"msg\":\"委托成功\",\n\t\"time\":1633683923355\n}","robotId":0,"status":0}
2021-10-08 17:05:36,105  INFO BaseService:262 - 查询订单：29235830320  结果{
	"code":200,
	"data":{
		"types":"买单",
		"leftcount":2000.1234,
		"fees":0.0000,
		"last":0E-10,
		"count":2000.1234,
		"successamount":0E-10,
		"source":"API",
		"type":0,
		"price":0.0000060000,
		"buysymbol":"USDT",
		"id":29235830320,
		"time":"2021-10-08 17:05:23",
		"sellsymbol":"CCPT",
		"statusCode":1,
		"status":"未成交"
	},
	"msg":"成功",
	"time":1633683936419
}
2021-10-08 17:05:36,235  INFO BaseService:262 - 查询订单：29235736958  结果{
	"code":200,
	"data":{
		"types":"卖单",
		"leftcount":2000.1234,
		"fees":0.0000,
		"last":0E-10,
		"count":2000.1234,
		"successamount":0E-10,
		"source":"API",
		"type":1,
		"price":0.0000180000,
		"buysymbol":"USDT",
		"id":29235736958,
		"time":"2021-10-08 17:04:53",
		"sellsymbol":"CCPT",
		"statusCode":1,
		"status":"未成交"
	},
	"msg":"成功",
	"time":1633683936546
}
2021-10-08 17:05:36,361  INFO BaseService:262 - 查询订单：29233392482  结果{
	"code":200,
	"data":{
		"types":"卖单",
		"leftcount":2000.1234,
		"fees":0.0000,
		"last":0E-10,
		"count":2000.1234,
		"successamount":0E-10,
		"source":"API",
		"type":1,
		"price":0.0000190000,
		"buysymbol":"USDT",
		"id":29233392482,
		"time":"2021-10-08 16:35:34",
		"sellsymbol":"CCPT",
		"statusCode":1,
		"status":"未成交"
	},
	"msg":"成功",
	"time":1633683936674
}
2021-10-08 17:05:36,523  INFO BaseService:262 - 查询订单：29215353657  结果{
	"code":40010,
	"data":null,
	"msg":"委单不存在，请确认AccessKeyId或id是否正确",
	"pageNum":0,
	"time":1633683936834,
	"totalCount":0,
	"totalPages":0
}
2021-10-08 17:08:05,940  INFO AioApplication:17 - Start Success
2021-10-08 17:08:28,835  INFO BaseService:262 - 查询订单：29235830320  结果{
	"code":200,
	"data":{
		"types":"买单",
		"leftcount":2000.1234,
		"fees":0.0000,
		"last":0E-10,
		"count":2000.1234,
		"successamount":0E-10,
		"source":"API",
		"type":0,
		"price":0.0000060000,
		"buysymbol":"USDT",
		"id":29235830320,
		"time":"2021-10-08 17:05:23",
		"sellsymbol":"CCPT",
		"statusCode":1,
		"status":"未成交"
	},
	"msg":"成功",
	"time":1633684109148
}
2021-10-08 17:08:28,962  INFO BaseService:262 - 查询订单：29235736958  结果{
	"code":200,
	"data":{
		"types":"卖单",
		"leftcount":2000.1234,
		"fees":0.0000,
		"last":0E-10,
		"count":2000.1234,
		"successamount":0E-10,
		"source":"API",
		"type":1,
		"price":0.0000180000,
		"buysymbol":"USDT",
		"id":29235736958,
		"time":"2021-10-08 17:04:53",
		"sellsymbol":"CCPT",
		"statusCode":1,
		"status":"未成交"
	},
	"msg":"成功",
	"time":1633684109275
}
2021-10-08 17:08:29,088  INFO BaseService:262 - 查询订单：29233392482  结果{
	"code":200,
	"data":{
		"types":"卖单",
		"leftcount":2000.1234,
		"fees":0.0000,
		"last":0E-10,
		"count":2000.1234,
		"successamount":0E-10,
		"source":"API",
		"type":1,
		"price":0.0000190000,
		"buysymbol":"USDT",
		"id":29233392482,
		"time":"2021-10-08 16:35:34",
		"sellsymbol":"CCPT",
		"statusCode":1,
		"status":"未成交"
	},
	"msg":"成功",
	"time":1633684109401
}
2021-10-08 17:08:29,228  INFO BaseService:262 - 查询订单：29215353657  结果{
	"code":40010,
	"data":null,
	"msg":"委单不存在，请确认AccessKeyId或id是否正确",
	"pageNum":0,
	"time":1633684109540,
	"totalCount":0,
	"totalPages":0
}
2021-10-08 17:11:53,538  INFO AioApplication:17 - Start Success
2021-10-08 17:12:00,122  INFO BaseService:262 - 查询订单：29235830320  结果{
	"code":200,
	"data":{
		"types":"买单",
		"leftcount":2000.1234,
		"fees":0.0000,
		"last":0E-10,
		"count":2000.1234,
		"successamount":0E-10,
		"source":"API",
		"type":0,
		"price":0.0000060000,
		"buysymbol":"USDT",
		"id":29235830320,
		"time":"2021-10-08 17:05:23",
		"sellsymbol":"CCPT",
		"statusCode":1,
		"status":"未成交"
	},
	"msg":"成功",
	"time":1633684320434
}
2021-10-08 17:12:00,256  INFO BaseService:262 - 查询订单：29235736958  结果{
	"code":200,
	"data":{
		"types":"卖单",
		"leftcount":2000.1234,
		"fees":0.0000,
		"last":0E-10,
		"count":2000.1234,
		"successamount":0E-10,
		"source":"API",
		"type":1,
		"price":0.0000180000,
		"buysymbol":"USDT",
		"id":29235736958,
		"time":"2021-10-08 17:04:53",
		"sellsymbol":"CCPT",
		"statusCode":1,
		"status":"未成交"
	},
	"msg":"成功",
	"time":1633684320571
}
2021-10-08 17:12:00,384  INFO BaseService:262 - 查询订单：29233392482  结果{
	"code":200,
	"data":{
		"types":"卖单",
		"leftcount":2000.1234,
		"fees":0.0000,
		"last":0E-10,
		"count":2000.1234,
		"successamount":0E-10,
		"source":"API",
		"type":1,
		"price":0.0000190000,
		"buysymbol":"USDT",
		"id":29233392482,
		"time":"2021-10-08 16:35:34",
		"sellsymbol":"CCPT",
		"statusCode":1,
		"status":"未成交"
	},
	"msg":"成功",
	"time":1633684320698
}
2021-10-08 17:15:32,097  INFO AioApplication:17 - Start Success
2021-10-08 17:17:19,004  INFO AioApplication:17 - Start Success
2021-10-08 17:17:32,556  INFO BaseService:262 - 查询订单：29235830320  结果{
	"code":200,
	"data":{
		"types":"买单",
		"leftcount":2000.1234,
		"fees":0.0000,
		"last":0E-10,
		"count":2000.1234,
		"successamount":0E-10,
		"source":"API",
		"type":0,
		"price":0.0000060000,
		"buysymbol":"USDT",
		"id":29235830320,
		"time":"2021-10-08 17:05:23",
		"sellsymbol":"CCPT",
		"statusCode":1,
		"status":"未成交"
	},
	"msg":"成功",
	"time":1633684652870
}
2021-10-08 17:17:32,686  INFO BaseService:262 - 查询订单：29235736958  结果{
	"code":200,
	"data":{
		"types":"卖单",
		"leftcount":2000.1234,
		"fees":0.0000,
		"last":0E-10,
		"count":2000.1234,
		"successamount":0E-10,
		"source":"API",
		"type":1,
		"price":0.0000180000,
		"buysymbol":"USDT",
		"id":29235736958,
		"time":"2021-10-08 17:04:53",
		"sellsymbol":"CCPT",
		"statusCode":1,
		"status":"未成交"
	},
	"msg":"成功",
	"time":1633684653002
}
2021-10-08 17:17:32,812  INFO BaseService:262 - 查询订单：29233392482  结果{
	"code":200,
	"data":{
		"types":"卖单",
		"leftcount":2000.1234,
		"fees":0.0000,
		"last":0E-10,
		"count":2000.1234,
		"successamount":0E-10,
		"source":"API",
		"type":1,
		"price":0.0000190000,
		"buysymbol":"USDT",
		"id":29233392482,
		"time":"2021-10-08 16:35:34",
		"sellsymbol":"CCPT",
		"statusCode":1,
		"status":"未成交"
	},
	"msg":"成功",
	"time":1633684653129
}
2021-10-08 17:18:21,735  INFO AioApplication:17 - Start Success
2021-10-08 17:18:31,504  INFO BaseService:262 - 查询订单：29235830320  结果{
	"code":200,
	"data":{
		"types":"买单",
		"leftcount":2000.1234,
		"fees":0.0000,
		"last":0E-10,
		"count":2000.1234,
		"successamount":0E-10,
		"source":"API",
		"type":0,
		"price":0.0000060000,
		"buysymbol":"USDT",
		"id":29235830320,
		"time":"2021-10-08 17:05:23",
		"sellsymbol":"CCPT",
		"statusCode":1,
		"status":"未成交"
	},
	"msg":"成功",
	"time":1633684711821
}
2021-10-08 17:18:31,633  INFO BaseService:262 - 查询订单：29235736958  结果{
	"code":200,
	"data":{
		"types":"卖单",
		"leftcount":2000.1234,
		"fees":0.0000,
		"last":0E-10,
		"count":2000.1234,
		"successamount":0E-10,
		"source":"API",
		"type":1,
		"price":0.0000180000,
		"buysymbol":"USDT",
		"id":29235736958,
		"time":"2021-10-08 17:04:53",
		"sellsymbol":"CCPT",
		"statusCode":1,
		"status":"未成交"
	},
	"msg":"成功",
	"time":1633684711952
}
2021-10-08 17:18:31,776  INFO BaseService:262 - 查询订单：29233392482  结果{
	"code":200,
	"data":{
		"types":"卖单",
		"leftcount":2000.1234,
		"fees":0.0000,
		"last":0E-10,
		"count":2000.1234,
		"successamount":0E-10,
		"source":"API",
		"type":1,
		"price":0.0000190000,
		"buysymbol":"USDT",
		"id":29233392482,
		"time":"2021-10-08 16:35:34",
		"sellsymbol":"CCPT",
		"statusCode":1,
		"status":"未成交"
	},
	"msg":"成功",
	"time":1633684712086
}
2021-10-08 17:19:49,397  INFO AioApplication:17 - Start Success
2021-10-08 17:20:46,270  INFO AioApplication:17 - Start Success
2021-10-08 17:22:43,980  INFO AioApplication:17 - Start Success
2021-10-08 17:25:01,494  INFO AioApplication:17 - Start Success
2021-10-08 17:27:26,335  INFO AioApplication:17 - Start Success
2021-10-08 17:27:47,692  INFO ServiceController:29 - 启动机器人===>OperationRequest{id=1, coin=18, type=7, category=0}
2021-10-08 17:27:48,026  WARN StopableTask:41 - {1} 开始
2021-10-08 17:27:48,035  INFO 1:63 - 设置机器人参数开始
2021-10-08 17:27:48,040  INFO 1:70 - 设置机器人参数结束
2021-10-08 17:27:48,040  INFO 1:72 - 设置机器人交易规则开始
2021-10-08 17:27:48,041  INFO 1:74 - 设置机器人交易规则结束
