2021-09-24 16:56:52,075  INFO 2:48 - 
-------------ss-----------------{2} 开始------------------------------

2021-09-24 16:56:52,075  INFO 2:50 - 守护线程------------------设置机器人参数开始
2021-09-24 17:03:55,692  INFO 2:49 - 
-------------ss-----------------{2} 开始------------------------------

2021-09-24 17:03:55,694  INFO 2:52 - 机器人2参数{"market":"btc_usdt","pricePrecision":"6","intervalTopLimit":"10","depthCancelNum":"10","mobile":"11","depthOrderRange":"2_5","intervalLowerLimit":"5","isMobileSwitch":"0","amountPrecision":"6"}
2021-09-24 17:03:56,702  INFO 2:56 - 机器人2运行中
2021-09-24 17:03:57,714  INFO 2:56 - 机器人2运行中
2021-09-24 17:03:58,729  INFO 2:56 - 机器人2运行中
2021-09-24 17:03:59,744  INFO 2:56 - 机器人2运行中
2021-09-24 17:04:00,760  INFO 2:56 - 机器人2运行中
2021-09-24 17:04:01,761  INFO 2:56 - 机器人2运行中
2021-09-24 17:04:02,774  INFO 2:56 - 机器人2运行中
2021-09-24 17:04:03,776  INFO 2:56 - 机器人2运行中
2021-09-24 17:04:04,786  INFO 2:56 - 机器人2运行中
2021-09-24 17:04:05,801  INFO 2:56 - 机器人2运行中
2021-09-24 17:04:06,801  INFO 2:56 - 机器人2运行中
2021-09-24 17:04:07,811  INFO 2:56 - 机器人2运行中
2021-09-24 17:04:08,823  INFO 2:56 - 机器人2运行中
2021-09-24 17:04:09,837  INFO 2:56 - 机器人2运行中
2021-09-24 17:04:10,848  INFO 2:56 - 机器人2运行中
2021-09-24 17:04:11,862  INFO 2:56 - 机器人2运行中
2021-09-24 17:04:12,865  INFO 2:56 - 机器人2运行中
2021-09-24 17:04:13,877  INFO 2:56 - 机器人2运行中
2021-09-24 17:10:42,310  INFO 2:49 - 
-------------ss-----------------{2} 开始------------------------------

2021-09-24 17:10:42,312  INFO 2:52 - 机器人2参数{"market":"btc_usdt","pricePrecision":"6","intervalTopLimit":"10","depthCancelNum":"10","mobile":"11","depthOrderRange":"2_5","intervalLowerLimit":"5","isMobileSwitch":"0","amountPrecision":"6"}
2021-09-24 17:10:43,323  INFO 2:56 - 机器人2运行中
2021-09-24 17:10:44,337  INFO 2:56 - 机器人2运行中
2021-09-24 17:10:45,353  INFO 2:56 - 机器人2运行中
2021-09-24 17:10:46,360  INFO 2:56 - 机器人2运行中
2021-09-24 17:10:47,375  INFO 2:56 - 机器人2运行中
2021-09-24 17:10:48,388  INFO 2:56 - 机器人2运行中
2021-09-24 17:10:49,402  INFO 2:56 - 机器人2运行中
2021-09-24 17:10:50,402  INFO 2:56 - 机器人2运行中
2021-09-24 17:10:51,413  INFO 2:56 - 机器人2运行中
2021-09-24 17:10:52,425  INFO 2:56 - 机器人2运行中
2021-09-24 17:10:53,440  INFO 2:56 - 机器人2运行中
2021-09-24 17:10:54,442  INFO 2:56 - 机器人2运行中
2021-09-24 17:10:55,455  INFO 2:56 - 机器人2运行中
2021-09-24 17:10:56,468  INFO 2:56 - 机器人2运行中
2021-09-24 17:10:57,483  INFO 2:56 - 机器人2运行中
2021-09-24 17:10:58,496  INFO 2:56 - 机器人2运行中
2021-09-24 17:10:59,497  INFO 2:56 - 机器人2运行中
2021-09-24 17:11:00,499  INFO 2:56 - 机器人2运行中
2021-09-24 17:11:01,513  INFO 2:56 - 机器人2运行中
2021-09-24 17:11:02,517  INFO 2:56 - 机器人2运行中
2021-09-24 17:11:03,532  INFO 2:56 - 机器人2运行中
2021-09-24 17:11:04,545  INFO 2:56 - 机器人2运行中
2021-09-24 17:11:05,557  INFO 2:56 - 机器人2运行中
2021-09-24 17:11:06,559  INFO 2:56 - 机器人2运行中
2021-09-24 17:11:07,570  INFO 2:56 - 机器人2运行中
2021-09-24 17:11:08,584  INFO 2:56 - 机器人2运行中
2021-09-24 17:11:09,586  INFO 2:56 - 机器人2运行中
2021-09-24 17:11:10,586  INFO 2:56 - 机器人2运行中
2021-09-24 17:11:11,596  INFO 2:56 - 机器人2运行中
2021-09-24 17:11:12,603  INFO 2:56 - 机器人2运行中
2021-09-24 17:11:13,606  INFO 2:56 - 机器人2运行中
2021-09-24 17:11:14,618  INFO 2:56 - 机器人2运行中
2021-09-24 17:11:15,632  INFO 2:56 - 机器人2运行中
2021-09-24 17:11:16,641  INFO 2:56 - 机器人2运行中
2021-09-24 17:11:17,651  INFO 2:56 - 机器人2运行中
2021-09-24 17:11:18,652  INFO 2:56 - 机器人2运行中
2021-09-24 17:11:19,662  INFO 2:56 - 机器人2运行中
2021-09-24 17:11:20,678  INFO 2:56 - 机器人2运行中
2021-09-24 17:11:21,691  INFO 2:56 - 机器人2运行中
2021-09-24 17:11:22,706  INFO 2:56 - 机器人2运行中
2021-09-24 17:11:23,718  INFO 2:56 - 机器人2运行中
2021-09-24 17:11:24,724  INFO 2:56 - 机器人2运行中
2021-09-24 17:11:25,739  INFO 2:56 - 机器人2运行中
2021-09-24 17:11:26,739  INFO 2:56 - 机器人2运行中
2021-09-24 17:11:27,753  INFO 2:56 - 机器人2运行中
2021-09-24 17:11:28,768  INFO 2:56 - 机器人2运行中
2021-09-24 17:11:29,780  INFO 2:56 - 机器人2运行中
2021-09-24 17:11:30,795  INFO 2:56 - 机器人2运行中
2021-09-24 17:11:31,809  INFO 2:56 - 机器人2运行中
2021-09-24 17:11:32,824  INFO 2:56 - 机器人2运行中
2021-09-24 17:11:33,836  INFO 2:56 - 机器人2运行中
2021-09-24 17:11:34,847  INFO 2:56 - 机器人2运行中
2021-09-24 17:11:35,858  INFO 2:56 - 机器人2运行中
2021-09-24 17:11:36,859  INFO 2:56 - 机器人2运行中
2021-09-24 17:11:37,873  INFO 2:56 - 机器人2运行中
2021-09-24 17:11:38,887  INFO 2:56 - 机器人2运行中
2021-09-24 17:11:39,901  INFO 2:56 - 机器人2运行中
2021-09-24 17:11:40,912  INFO 2:56 - 机器人2运行中
2021-09-24 17:11:41,927  INFO 2:56 - 机器人2运行中
2021-09-24 17:11:42,938  INFO 2:56 - 机器人2运行中
2021-09-24 17:11:43,949  INFO 2:56 - 机器人2运行中
2021-09-24 17:11:44,962  INFO 2:56 - 机器人2运行中
2021-09-24 17:11:45,972  INFO 2:56 - 机器人2运行中
2021-09-24 17:11:46,981  INFO 2:56 - 机器人2运行中
2021-09-24 17:11:47,982  INFO 2:56 - 机器人2运行中
2021-09-24 17:11:48,992  INFO 2:56 - 机器人2运行中
2021-09-24 17:11:50,006  INFO 2:56 - 机器人2运行中
2021-09-24 17:11:51,017  INFO 2:56 - 机器人2运行中
2021-09-24 17:11:52,032  INFO 2:56 - 机器人2运行中
2021-09-24 17:11:53,042  INFO 2:56 - 机器人2运行中
2021-09-24 17:11:54,052  INFO 2:56 - 机器人2运行中
2021-09-24 17:11:55,056  INFO 2:56 - 机器人2运行中
2021-09-24 17:11:56,071  INFO 2:56 - 机器人2运行中
2021-09-24 17:11:57,073  INFO 2:56 - 机器人2运行中
2021-09-24 17:11:58,086  INFO 2:56 - 机器人2运行中
2021-09-24 17:11:59,100  INFO 2:56 - 机器人2运行中
2021-09-24 17:12:00,113  INFO 2:56 - 机器人2运行中
2021-09-24 17:12:01,114  INFO 2:56 - 机器人2运行中
2021-09-24 17:12:02,124  INFO 2:56 - 机器人2运行中
2021-09-24 17:12:03,136  INFO 2:56 - 机器人2运行中
2021-09-24 17:12:04,147  INFO 2:56 - 机器人2运行中
2021-09-24 17:12:05,161  INFO 2:56 - 机器人2运行中
2021-09-24 17:12:06,163  INFO 2:56 - 机器人2运行中
2021-09-24 17:12:07,177  INFO 2:56 - 机器人2运行中
2021-09-24 17:12:08,192  INFO 2:56 - 机器人2运行中
2021-09-24 17:12:09,203  INFO 2:56 - 机器人2运行中
2021-09-24 17:12:10,217  INFO 2:56 - 机器人2运行中
2021-09-24 17:12:11,232  INFO 2:56 - 机器人2运行中
2021-09-24 17:12:12,244  INFO 2:56 - 机器人2运行中
2021-09-24 17:12:13,251  INFO 2:56 - 机器人2运行中
2021-09-24 17:12:14,266  INFO 2:56 - 机器人2运行中
2021-09-24 17:12:15,281  INFO 2:56 - 机器人2运行中
2021-09-24 17:12:16,294  INFO 2:56 - 机器人2运行中
2021-09-24 17:12:17,296  INFO 2:56 - 机器人2运行中
2021-09-24 17:12:18,307  INFO 2:56 - 机器人2运行中
2021-09-24 17:12:19,318  INFO 2:56 - 机器人2运行中
2021-09-24 17:12:20,320  INFO 2:56 - 机器人2运行中
2021-09-24 17:12:21,334  INFO 2:56 - 机器人2运行中
2021-09-24 17:12:22,336  INFO 2:56 - 机器人2运行中
2021-09-24 17:12:23,348  INFO 2:56 - 机器人2运行中
2021-09-24 17:12:24,361  INFO 2:56 - 机器人2运行中
2021-09-24 17:12:25,372  INFO 2:56 - 机器人2运行中
2021-09-24 17:12:26,383  INFO 2:56 - 机器人2运行中
2021-09-24 17:12:27,383  INFO 2:56 - 机器人2运行中
2021-09-24 17:12:28,398  INFO 2:56 - 机器人2运行中
2021-09-24 17:12:29,411  INFO 2:56 - 机器人2运行中
2021-09-24 17:12:30,417  INFO 2:56 - 机器人2运行中
2021-09-24 17:12:31,427  INFO 2:56 - 机器人2运行中
2021-09-24 17:12:32,432  INFO 2:56 - 机器人2运行中
2021-09-24 17:12:33,444  INFO 2:56 - 机器人2运行中
2021-09-24 17:12:34,458  INFO 2:56 - 机器人2运行中
2021-09-24 17:12:35,469  INFO 2:56 - 机器人2运行中
2021-09-24 17:12:36,483  INFO 2:56 - 机器人2运行中
2021-09-24 17:12:37,493  INFO 2:56 - 机器人2运行中
2021-09-24 17:12:38,506  INFO 2:56 - 机器人2运行中
2021-09-24 17:12:39,507  INFO 2:56 - 机器人2运行中
2021-09-24 17:12:40,509  INFO 2:56 - 机器人2运行中
2021-09-24 17:12:41,518  INFO 2:56 - 机器人2运行中
2021-09-24 17:12:42,530  INFO 2:56 - 机器人2运行中
2021-09-24 17:12:43,541  INFO 2:56 - 机器人2运行中
2021-09-24 17:12:44,553  INFO 2:56 - 机器人2运行中
2021-09-24 17:12:45,564  INFO 2:56 - 机器人2运行中
2021-09-24 17:12:46,577  INFO 2:56 - 机器人2运行中
2021-09-24 17:12:47,591  INFO 2:56 - 机器人2运行中
2021-09-24 17:12:48,603  INFO 2:56 - 机器人2运行中
2021-09-24 17:12:49,604  INFO 2:56 - 机器人2运行中
2021-09-24 17:12:50,617  INFO 2:56 - 机器人2运行中
2021-09-24 17:12:51,628  INFO 2:56 - 机器人2运行中
2021-09-24 17:12:52,643  INFO 2:56 - 机器人2运行中
2021-09-24 17:12:53,655  INFO 2:56 - 机器人2运行中
2021-09-24 17:12:54,665  INFO 2:56 - 机器人2运行中
2021-09-24 17:12:55,679  INFO 2:56 - 机器人2运行中
2021-09-24 17:12:56,692  INFO 2:56 - 机器人2运行中
2021-09-24 17:12:57,692  INFO 2:56 - 机器人2运行中
2021-09-24 17:12:58,693  INFO 2:56 - 机器人2运行中
2021-09-24 17:12:59,696  INFO 2:56 - 机器人2运行中
2021-09-24 17:13:00,699  INFO 2:56 - 机器人2运行中
2021-09-24 17:13:01,713  INFO 2:56 - 机器人2运行中
2021-09-24 17:13:02,728  INFO 2:56 - 机器人2运行中
2021-09-24 17:13:03,743  INFO 2:56 - 机器人2运行中
2021-09-24 17:13:04,756  INFO 2:56 - 机器人2运行中
2021-09-24 17:13:05,772  INFO 2:56 - 机器人2运行中
2021-09-24 17:13:06,784  INFO 2:56 - 机器人2运行中
2021-09-24 17:13:07,786  INFO 2:56 - 机器人2运行中
2021-09-24 17:13:08,791  INFO 2:56 - 机器人2运行中
2021-09-24 17:13:09,801  INFO 2:56 - 机器人2运行中
2021-09-24 17:13:10,813  INFO 2:56 - 机器人2运行中
2021-09-24 17:13:11,828  INFO 2:56 - 机器人2运行中
2021-09-24 17:13:12,830  INFO 2:56 - 机器人2运行中
2021-09-24 17:13:13,831  INFO 2:56 - 机器人2运行中
2021-09-24 17:13:14,833  INFO 2:56 - 机器人2运行中
2021-09-24 17:13:15,838  INFO 2:56 - 机器人2运行中
2021-09-24 17:13:16,840  INFO 2:56 - 机器人2运行中
2021-09-24 17:13:17,854  INFO 2:56 - 机器人2运行中
2021-09-24 17:13:18,861  INFO 2:56 - 机器人2运行中
2021-09-24 17:13:19,864  INFO 2:56 - 机器人2运行中
2021-09-24 17:13:20,879  INFO 2:56 - 机器人2运行中
2021-09-24 17:13:21,893  INFO 2:56 - 机器人2运行中
2021-09-24 17:13:22,894  INFO 2:56 - 机器人2运行中
2021-09-24 17:13:23,906  INFO 2:56 - 机器人2运行中
2021-09-24 17:13:24,921  INFO 2:56 - 机器人2运行中
2021-09-24 17:13:25,935  INFO 2:56 - 机器人2运行中
2021-09-24 17:13:26,937  INFO 2:56 - 机器人2运行中
2021-09-24 17:13:27,953  INFO 2:56 - 机器人2运行中
2021-09-24 17:13:28,956  INFO 2:56 - 机器人2运行中
2021-09-24 17:13:29,957  INFO 2:56 - 机器人2运行中
2021-09-24 17:13:30,960  INFO 2:56 - 机器人2运行中
2021-09-24 17:13:31,962  INFO 2:56 - 机器人2运行中
2021-09-24 17:13:32,966  INFO 2:56 - 机器人2运行中
2021-09-24 17:13:33,981  INFO 2:56 - 机器人2运行中
2021-09-24 17:13:34,992  INFO 2:56 - 机器人2运行中
2021-09-24 17:13:36,007  INFO 2:56 - 机器人2运行中
2021-09-24 17:13:37,018  INFO 2:56 - 机器人2运行中
2021-09-24 17:16:15,104  INFO 2:49 - 
-------------ss-----------------{2} 开始------------------------------

2021-09-24 17:16:15,106  INFO 2:52 - 机器人2参数{"market":"btc_usdt","pricePrecision":"6","intervalTopLimit":"10","depthCancelNum":"10","mobile":"11","depthOrderRange":"2_5","intervalLowerLimit":"5","isMobileSwitch":"0","amountPrecision":"6"}
2021-09-24 17:16:16,115  INFO 2:56 - 机器人2运行中
2021-09-24 17:16:17,124  INFO 2:56 - 机器人2运行中
2021-09-24 17:16:18,127  INFO 2:56 - 机器人2运行中
2021-09-24 17:16:19,127  INFO 2:56 - 机器人2运行中
2021-09-24 17:16:20,139  INFO 2:56 - 机器人2运行中
2021-09-24 17:16:21,152  INFO 2:56 - 机器人2运行中
2021-09-24 17:16:22,165  INFO 2:56 - 机器人2运行中
2021-09-24 17:16:23,176  INFO 2:56 - 机器人2运行中
2021-09-24 17:16:24,190  INFO 2:56 - 机器人2运行中
2021-09-24 17:16:25,200  INFO 2:56 - 机器人2运行中
2021-09-24 17:16:26,201  INFO 2:56 - 机器人2运行中
2021-09-24 17:16:27,215  INFO 2:56 - 机器人2运行中
2021-09-24 17:16:28,224  INFO 2:56 - 机器人2运行中
2021-09-24 17:16:29,235  INFO 2:56 - 机器人2运行中
2021-09-24 17:16:30,245  INFO 2:56 - 机器人2运行中
2021-09-24 17:16:31,246  INFO 2:56 - 机器人2运行中
2021-09-24 17:16:32,247  INFO 2:56 - 机器人2运行中
2021-09-24 17:16:33,262  INFO 2:56 - 机器人2运行中
2021-09-24 17:16:34,275  INFO 2:56 - 机器人2运行中
2021-09-24 17:16:35,285  INFO 2:56 - 机器人2运行中
2021-09-24 17:16:36,300  INFO 2:56 - 机器人2运行中
2021-09-24 17:16:37,315  INFO 2:56 - 机器人2运行中
2021-09-24 17:17:59,209  INFO 2:49 - 
-------------ss-----------------{2} 开始------------------------------

2021-09-24 17:17:59,212  INFO 2:52 - 机器人2参数{"market":"btc_usdt","pricePrecision":"6","intervalTopLimit":"10","depthCancelNum":"10","mobile":"11","depthOrderRange":"2_5","intervalLowerLimit":"5","isMobileSwitch":"0","amountPrecision":"6"}
2021-09-24 17:18:00,217  INFO 2:56 - 机器人2运行中
2021-09-24 17:18:01,230  INFO 2:56 - 机器人2运行中
2021-09-24 17:18:02,241  INFO 2:56 - 机器人2运行中
2021-09-24 17:18:03,253  INFO 2:56 - 机器人2运行中
2021-09-24 17:18:04,261  INFO 2:56 - 机器人2运行中
2021-09-24 17:18:05,263  INFO 2:56 - 机器人2运行中
2021-09-24 17:18:06,277  INFO 2:56 - 机器人2运行中
2021-09-24 17:18:07,291  INFO 2:56 - 机器人2运行中
2021-09-24 17:18:08,301  INFO 2:56 - 机器人2运行中
2021-09-24 17:18:09,313  INFO 2:56 - 机器人2运行中
2021-09-24 17:18:10,317  INFO 2:56 - 机器人2运行中
2021-09-24 17:18:11,317  INFO 2:56 - 机器人2运行中
2021-09-24 17:18:12,333  INFO 2:56 - 机器人2运行中
2021-09-24 17:18:13,340  INFO 2:56 - 机器人2运行中
2021-09-24 17:18:14,355  INFO 2:56 - 机器人2运行中
2021-09-24 17:18:15,368  INFO 2:56 - 机器人2运行中
2021-09-24 17:18:16,380  INFO 2:56 - 机器人2运行中
2021-09-24 17:18:17,390  INFO 2:56 - 机器人2运行中
2021-09-24 17:18:18,404  INFO 2:56 - 机器人2运行中
2021-09-24 17:18:19,404  INFO 2:56 - 机器人2运行中
2021-09-24 17:19:36,178  INFO 2:49 - 
-------------ss-----------------{2} 开始------------------------------

2021-09-24 17:19:36,180  INFO 2:52 - 机器人2参数{"market":"btc_usdt","pricePrecision":"6","intervalTopLimit":"10","depthCancelNum":"10","mobile":"11","depthOrderRange":"2_5","intervalLowerLimit":"5","isMobileSwitch":"0","amountPrecision":"6"}
2021-09-24 17:19:37,180  INFO 2:56 - 机器人2运行中
2021-09-24 17:19:38,185  INFO 2:56 - 机器人2运行中
2021-09-24 17:19:39,187  INFO 2:56 - 机器人2运行中
2021-09-24 17:19:40,201  INFO 2:56 - 机器人2运行中
2021-09-24 17:19:41,216  INFO 2:56 - 机器人2运行中
2021-09-24 17:19:42,228  INFO 2:56 - 机器人2运行中
2021-09-24 17:19:43,242  INFO 2:56 - 机器人2运行中
2021-09-24 17:19:44,243  INFO 2:56 - 机器人2运行中
2021-09-24 17:20:05,036  INFO 2:49 - 
-------------ss-----------------{2} 开始------------------------------

2021-09-24 17:20:05,038  INFO 2:52 - 机器人2参数{"market":"btc_usdt","pricePrecision":"6","intervalTopLimit":"10","depthCancelNum":"10","mobile":"11","depthOrderRange":"2_5","intervalLowerLimit":"5","isMobileSwitch":"0","amountPrecision":"6"}
2021-09-24 17:20:06,039  INFO 2:56 - 机器人2运行中
2021-09-24 17:20:07,050  INFO 2:56 - 机器人2运行中
2021-09-24 17:20:08,062  INFO 2:56 - 机器人2运行中
2021-09-24 17:20:09,074  INFO 2:56 - 机器人2运行中
2021-09-24 17:20:10,087  INFO 2:56 - 机器人2运行中
2021-09-24 17:20:11,087  INFO 2:56 - 机器人2运行中
2021-09-24 17:20:12,088  INFO 2:56 - 机器人2运行中
2021-09-24 17:20:13,103  INFO 2:56 - 机器人2运行中
2021-09-24 17:20:20,650  INFO 2:56 - 机器人2运行中
2021-09-24 17:20:23,387  INFO 2:56 - 机器人2运行中
2021-09-24 17:20:26,307  INFO 2:56 - 机器人2运行中
2021-09-24 17:20:46,925  INFO 2:56 - 机器人2运行中
2021-09-24 17:20:56,429  INFO 2:56 - 机器人2运行中
2021-09-24 17:21:57,675  INFO 2:49 - 
-------------ss-----------------{2} 开始------------------------------

2021-09-24 17:21:57,677  INFO 2:52 - 机器人2参数{"market":"btc_usdt","pricePrecision":"6","intervalTopLimit":"10","depthCancelNum":"10","mobile":"11","depthOrderRange":"2_5","intervalLowerLimit":"5","isMobileSwitch":"0","amountPrecision":"6"}
2021-09-24 17:21:58,679  INFO 2:56 - 机器人2运行中
2021-09-24 17:21:59,683  INFO 2:56 - 机器人2运行中
2021-09-24 17:22:00,694  INFO 2:56 - 机器人2运行中
2021-09-24 17:22:01,705  INFO 2:56 - 机器人2运行中
2021-09-24 17:22:02,716  INFO 2:56 - 机器人2运行中
2021-09-24 17:22:03,730  INFO 2:56 - 机器人2运行中
2021-09-24 17:22:04,745  INFO 2:56 - 机器人2运行中
2021-09-24 17:22:05,759  INFO 2:56 - 机器人2运行中
