2021-10-07 21:04:47,117  INFO 1:63 - 设置机器人参数开始
2021-10-07 21:04:47,132  INFO 1:70 - 设置机器人参数结束
2021-10-07 21:04:47,143  INFO 1:72 - 设置机器人交易规则开始
2021-10-07 21:04:47,144  INFO 1:74 - 设置机器人交易规则结束
2021-10-07 21:04:47,144  INFO 1:168 - robotId1----开始挂单：type(交易类型)：卖，price(价格)：0.000013，amount(数量)：10000
2021-10-07 21:04:48,797  INFO 1:197 - 挂单参数AccessKeyId=3b51ac4a05f04ab994291ae9c40db073&Signature=iKMx8%2Ff4oybgG83TtfgCvAZYaSM044a90Rz5LLZQORs%3D&SignatureMethod=HmacSHA256&SignatureVersion=2&Timestamp=1633611887144&symbol=ccpt_usdt&tradeAmount=10000.000000&tradePrice=0.0000&type=buy
2021-10-07 21:04:49,626  INFO 1:109 - setTradeLog：{"active":0,"color":"05cbc8","deleted":0,"remark":"挂卖单[价格：0.0000: 数量10000.000000]=>{\n\t\"code\":40005,\n\t\"data\":null,\n\t\"msg\":\"tradePrice必须大于0\",\n\t\"pageNum\":0,\n\t\"time\":1633611889475,\n\t\"totalCount\":0,\n\t\"totalPages\":0\n}","robotId":1,"status":0}
2021-10-07 21:04:49,626  INFO 1:203 - robotId1----挂单成功结束：{
	"code":40005,
	"data":null,
	"msg":"tradePrice必须大于0",
	"pageNum":0,
	"time":1633611889475,
	"totalCount":0,
	"totalPages":0
}
2021-10-07 21:06:25,994  INFO 1:63 - 设置机器人参数开始
2021-10-07 21:06:26,056  INFO 1:70 - 设置机器人参数结束
2021-10-07 21:06:26,056  INFO 1:72 - 设置机器人交易规则开始
2021-10-07 21:06:26,056  INFO 1:74 - 设置机器人交易规则结束
2021-10-07 21:06:26,072  INFO 1:168 - robotId1----开始挂单：type(交易类型)：卖，price(价格)：0.000013，amount(数量)：10000
2021-10-07 21:06:28,337  INFO 1:197 - 挂单参数AccessKeyId=3b51ac4a05f04ab994291ae9c40db073&Signature=s3QakEVRzrs8qJ3ogKcZsEoHLtFm8yDmGWSp4x%2F2Jfw%3D&SignatureMethod=HmacSHA256&SignatureVersion=2&Timestamp=1633611986119&symbol=ccpt_usdt&tradeAmount=10000.000000&tradePrice=0.000013&type=buy
2021-10-07 21:06:30,283  INFO 1:109 - setTradeLog：{"active":0,"color":"05cbc8","deleted":0,"remark":"挂卖单[价格：0.000013: 数量10000.000000]=>{\n\t\"code\":10118,\n\t\"data\":null,\n\t\"msg\":\"馀额不足！\",\n\t\"time\":1633611990110\n}","robotId":1,"status":0}
2021-10-07 21:06:30,298  INFO 1:203 - robotId1----挂单成功结束：{
	"code":10118,
	"data":null,
	"msg":"馀额不足！",
	"time":1633611990110
}
2021-10-07 21:10:32,700  INFO 1:63 - 设置机器人参数开始
2021-10-07 21:10:32,716  INFO 1:70 - 设置机器人参数结束
2021-10-07 21:10:32,716  INFO 1:72 - 设置机器人交易规则开始
2021-10-07 21:10:32,731  INFO 1:74 - 设置机器人交易规则结束
2021-10-07 21:12:04,849  INFO 1:63 - 设置机器人参数开始
2021-10-07 21:12:04,881  INFO 1:70 - 设置机器人参数结束
2021-10-07 21:12:04,882  INFO 1:72 - 设置机器人交易规则开始
2021-10-07 21:12:04,883  INFO 1:74 - 设置机器人交易规则结束
